#
# There is insufficient memory for the Java Runtime Environment to continue.
# Native memory allocation (malloc) failed to allocate 1630832 bytes. Error detail: Chunk::new
# Possible reasons:
#   The system is out of physical RAM or swap space
#   This process is running with CompressedOops enabled, and the Java Heap may be blocking the growth of the native heap
# Possible solutions:
#   Reduce memory load on the system
#   Increase physical memory or swap space
#   Check if swap backing store is full
#   Decrease Java heap size (-Xmx/-Xms)
#   Decrease number of Java threads
#   Decrease Java thread stack sizes (-Xss)
#   Set larger code cache with -XX:ReservedCodeCacheSize=
#   JVM is running with Zero Based Compressed Oops mode in which the Java heap is
#     placed in the first 32GB address space. The Java Heap base address is the
#     maximum limit for the native heap growth. Please use -XX:HeapBaseMinAddress
#     to set the Java Heap base and to place the Java Heap above 32GB virtual address.
# This output file may be truncated or incomplete.
#
#  Out of Memory Error (arena.cpp:149), pid=17612, tid=17556
#
# JRE version: OpenJDK Runtime Environment (23.0+37) (build 23+37-2369)
# Java VM: OpenJDK 64-Bit Server VM (23+37-2369, mixed mode, sharing, tiered, compressed oops, compressed class ptrs, g1 gc, windows-amd64)
# No core dump will be written. Minidumps are not enabled by default on client versions of Windows
#

---------------  S U M M A R Y ------------

Command Line: -javaagent:C:\Program Files\JetBrains\IntelliJ IDEA Community Edition 2023.3.4\lib\idea_rt.jar=54022:C:\Program Files\JetBrains\IntelliJ IDEA Community Edition 2023.3.4\bin -Dfile.encoding=UTF-8 -Dsun.stdout.encoding=UTF-8 -Dsun.stderr.encoding=UTF-8 com.uit.website_ban_sach.WebsiteBanSachApplication

Host: 12th Gen Intel(R) Core(TM) i5-12500H, 16 cores, 15G,  Windows 11 , 64 bit Build 22621 (10.0.22621.4391)
Time: Thu Dec  5 13:57:19 2024 SE Asia Standard Time elapsed time: 46.533030 seconds (0d 0h 0m 46s)

---------------  T H R E A D  ---------------

Current thread (0x000001e1c34d3710):  JavaThread "C2 CompilerThread0" daemon [_thread_in_native, id=17556, stack(0x000000c432800000,0x000000c432900000) (1024K)]


Current CompileTask:
C2:46533 10866   !   4       sun.security.ssl.SSLCipher$T13GcmReadCipherGenerator$GcmReadCipher::decrypt (555 bytes)

Stack: [0x000000c432800000,0x000000c432900000]
Native frames: (J=compiled Java code, j=interpreted, Vv=VM code, C=native code)
V  [jvm.dll+0x6e08a9]  (no source info available)
V  [jvm.dll+0x87da63]  (no source info available)
V  [jvm.dll+0x87feee]  (no source info available)
V  [jvm.dll+0x8805c3]  (no source info available)
V  [jvm.dll+0x27aee6]  (no source info available)
V  [jvm.dll+0xbc06f]  (no source info available)
V  [jvm.dll+0xbc2cb]  (no source info available)
V  [jvm.dll+0x3b3a9c]  (no source info available)
V  [jvm.dll+0x38a42b]  (no source info available)
V  [jvm.dll+0x38989a]  (no source info available)
V  [jvm.dll+0x244aa1]  (no source info available)
V  [jvm.dll+0x243dff]  (no source info available)
V  [jvm.dll+0x1c33a0]  (no source info available)
V  [jvm.dll+0x253cf1]  (no source info available)
V  [jvm.dll+0x251faa]  (no source info available)
V  [jvm.dll+0x3ee036]  (no source info available)
V  [jvm.dll+0x824f1b]  (no source info available)
V  [jvm.dll+0x6df055]  (no source info available)
C  [ucrtbase.dll+0x29333]  (no source info available)
C  [KERNEL32.DLL+0x1259d]  (no source info available)
C  [ntdll.dll+0x5af38]  (no source info available)

Lock stack of current Java thread (top to bottom):


---------------  P R O C E S S  ---------------

Threads class SMR info:
_java_thread_list=0x000001e209a96400, length=31, elements={
0x000001e1c34be790, 0x000001e1c34bf5b0, 0x000001e1c34c2b30, 0x000001e1c34c6580,
0x000001e1c34c90e0, 0x000001e1c34ceae0, 0x000001e1c34d3710, 0x000001e1c34d72d0,
0x000001e1c3614880, 0x000001e209481270, 0x000001e2094838f0, 0x000001e209a4e490,
0x000001e209a4d770, 0x000001e20dcce4f0, 0x000001e20dccbd90, 0x000001e20dccd140,
0x000001e20dcc7bf0, 0x000001e20dccf210, 0x000001e20dccb070, 0x000001e20dcc9cc0,
0x000001e20bfdda90, 0x000001e20bfd7eb0, 0x000001e20bfdaca0, 0x000001e20bfde7b0,
0x000001e20bfd9f80, 0x000001e20bfdb330, 0x000001e20bfdb9c0, 0x000001e20bfdc050,
0x000001e20bfd7820, 0x000001e20d0d1a50, 0x000001e20d0d5e70
}

Java Threads: ( => current thread )
  0x000001e1c34be790 JavaThread "Reference Handler"          daemon [_thread_blocked, id=18288, stack(0x000000c432200000,0x000000c432300000) (1024K)]
  0x000001e1c34bf5b0 JavaThread "Finalizer"                  daemon [_thread_blocked, id=17840, stack(0x000000c432300000,0x000000c432400000) (1024K)]
  0x000001e1c34c2b30 JavaThread "Signal Dispatcher"          daemon [_thread_blocked, id=21144, stack(0x000000c432400000,0x000000c432500000) (1024K)]
  0x000001e1c34c6580 JavaThread "Attach Listener"            daemon [_thread_blocked, id=20292, stack(0x000000c432500000,0x000000c432600000) (1024K)]
  0x000001e1c34c90e0 JavaThread "Service Thread"             daemon [_thread_blocked, id=25020, stack(0x000000c432600000,0x000000c432700000) (1024K)]
  0x000001e1c34ceae0 JavaThread "Monitor Deflation Thread"   daemon [_thread_blocked, id=2420, stack(0x000000c432700000,0x000000c432800000) (1024K)]
=>0x000001e1c34d3710 JavaThread "C2 CompilerThread0"         daemon [_thread_in_native, id=17556, stack(0x000000c432800000,0x000000c432900000) (1024K)]
  0x000001e1c34d72d0 JavaThread "C1 CompilerThread0"         daemon [_thread_blocked, id=24164, stack(0x000000c432900000,0x000000c432a00000) (1024K)]
  0x000001e1c3614880 JavaThread "Common-Cleaner"             daemon [_thread_blocked, id=4728, stack(0x000000c432b00000,0x000000c432c00000) (1024K)]
  0x000001e209481270 JavaThread "Monitor Ctrl-Break"         daemon [_thread_in_native, id=4388, stack(0x000000c433100000,0x000000c433200000) (1024K)]
  0x000001e2094838f0 JavaThread "Notification Thread"        daemon [_thread_blocked, id=20788, stack(0x000000c433200000,0x000000c433300000) (1024K)]
  0x000001e209a4e490 JavaThread "mysql-cj-abandoned-connection-cleanup" daemon [_thread_blocked, id=14652, stack(0x000000c433900000,0x000000c433a00000) (1024K)]
  0x000001e209a4d770 JavaThread "HikariPool-1 housekeeper"   daemon [_thread_blocked, id=21240, stack(0x000000c434400000,0x000000c434500000) (1024K)]
  0x000001e20dcce4f0 JavaThread "Catalina-utility-1"                [_thread_blocked, id=21644, stack(0x000000c433000000,0x000000c433100000) (1024K)]
  0x000001e20dccbd90 JavaThread "Catalina-utility-2"                [_thread_blocked, id=11576, stack(0x000000c434600000,0x000000c434700000) (1024K)]
  0x000001e20dccd140 JavaThread "container-0"                       [_thread_blocked, id=9052, stack(0x000000c434700000,0x000000c434800000) (1024K)]
  0x000001e20dcc7bf0 JavaThread "http-nio-8080-exec-1"       daemon [_thread_blocked, id=19556, stack(0x000000c434800000,0x000000c434900000) (1024K)]
  0x000001e20dccf210 JavaThread "http-nio-8080-exec-2"       daemon [_thread_blocked, id=17700, stack(0x000000c434900000,0x000000c434a00000) (1024K)]
  0x000001e20dccb070 JavaThread "http-nio-8080-exec-3"       daemon [_thread_blocked, id=24244, stack(0x000000c434a00000,0x000000c434b00000) (1024K)]
  0x000001e20dcc9cc0 JavaThread "http-nio-8080-exec-4"       daemon [_thread_blocked, id=21084, stack(0x000000c434b00000,0x000000c434c00000) (1024K)]
  0x000001e20bfdda90 JavaThread "http-nio-8080-exec-5"       daemon [_thread_blocked, id=13204, stack(0x000000c434c00000,0x000000c434d00000) (1024K)]
  0x000001e20bfd7eb0 JavaThread "http-nio-8080-exec-6"       daemon [_thread_blocked, id=20368, stack(0x000000c434d00000,0x000000c434e00000) (1024K)]
  0x000001e20bfdaca0 JavaThread "http-nio-8080-exec-7"       daemon [_thread_blocked, id=11456, stack(0x000000c434e00000,0x000000c434f00000) (1024K)]
  0x000001e20bfde7b0 JavaThread "http-nio-8080-exec-8"       daemon [_thread_blocked, id=21728, stack(0x000000c434f00000,0x000000c435000000) (1024K)]
  0x000001e20bfd9f80 JavaThread "http-nio-8080-exec-9"       daemon [_thread_blocked, id=13976, stack(0x000000c435000000,0x000000c435100000) (1024K)]
  0x000001e20bfdb330 JavaThread "http-nio-8080-exec-10"      daemon [_thread_blocked, id=11096, stack(0x000000c435100000,0x000000c435200000) (1024K)]
  0x000001e20bfdb9c0 JavaThread "http-nio-8080-Poller"       daemon [_thread_in_native, id=11216, stack(0x000000c435200000,0x000000c435300000) (1024K)]
  0x000001e20bfdc050 JavaThread "http-nio-8080-Acceptor"     daemon [_thread_in_native, id=14488, stack(0x000000c435300000,0x000000c435400000) (1024K)]
  0x000001e20bfd7820 JavaThread "DestroyJavaVM"                     [_thread_blocked, id=16828, stack(0x000000c431a00000,0x000000c431b00000) (1024K)]
  0x000001e20d0d1a50 JavaThread "C1 CompilerThread1"         daemon [_thread_blocked, id=22856, stack(0x000000c431700000,0x000000c431800000) (1024K)]
  0x000001e20d0d5e70 JavaThread "C2 CompilerThread1"         daemon [_thread_blocked, id=872, stack(0x000000c432c00000,0x000000c432d00000) (1024K)]
Total: 31

Other Threads:
  0x000001e1c06c4ce0 VMThread "VM Thread"                           [id=10628, stack(0x000000c432100000,0x000000c432200000) (1024K)]
  0x000001e1c06b1ce0 WatcherThread "VM Periodic Task Thread"        [id=10820, stack(0x000000c432000000,0x000000c432100000) (1024K)]
  0x000001e1a3503e30 WorkerThread "GC Thread#0"                     [id=9292, stack(0x000000c431b00000,0x000000c431c00000) (1024K)]
  0x000001e209a5eb40 WorkerThread "GC Thread#1"                     [id=2136, stack(0x000000c433400000,0x000000c433500000) (1024K)]
  0x000001e209a5eef0 WorkerThread "GC Thread#2"                     [id=5140, stack(0x000000c433500000,0x000000c433600000) (1024K)]
  0x000001e209a602b0 WorkerThread "GC Thread#3"                     [id=5292, stack(0x000000c433600000,0x000000c433700000) (1024K)]
  0x000001e209a60e70 WorkerThread "GC Thread#4"                     [id=17648, stack(0x000000c433700000,0x000000c433800000) (1024K)]
  0x000001e209a616a0 WorkerThread "GC Thread#5"                     [id=17892, stack(0x000000c433800000,0x000000c433900000) (1024K)]
  0x000001e20a019f60 WorkerThread "GC Thread#6"                     [id=6964, stack(0x000000c433a00000,0x000000c433b00000) (1024K)]
  0x000001e20a018590 WorkerThread "GC Thread#7"                     [id=12772, stack(0x000000c433b00000,0x000000c433c00000) (1024K)]
  0x000001e20a019450 WorkerThread "GC Thread#8"                     [id=24508, stack(0x000000c433c00000,0x000000c433d00000) (1024K)]
  0x000001e20b22be10 WorkerThread "GC Thread#9"                     [id=13828, stack(0x000000c433d00000,0x000000c433e00000) (1024K)]
  0x000001e20b22b6b0 WorkerThread "GC Thread#10"                    [id=24772, stack(0x000000c433e00000,0x000000c433f00000) (1024K)]
  0x000001e20b22af50 WorkerThread "GC Thread#11"                    [id=23172, stack(0x000000c433f00000,0x000000c434000000) (1024K)]
  0x000001e20b22d430 WorkerThread "GC Thread#12"                    [id=10608, stack(0x000000c434000000,0x000000c434100000) (1024K)]
  0x000001e1a35120f0 ConcurrentGCThread "G1 Main Marker"            [id=8612, stack(0x000000c431c00000,0x000000c431d00000) (1024K)]
  0x000001e1a3512c00 WorkerThread "G1 Conc#0"                       [id=1252, stack(0x000000c431d00000,0x000000c431e00000) (1024K)]
  0x000001e20b22c570 WorkerThread "G1 Conc#1"                       [id=12192, stack(0x000000c434100000,0x000000c434200000) (1024K)]
  0x000001e20b22ccd0 WorkerThread "G1 Conc#2"                       [id=22440, stack(0x000000c434200000,0x000000c434300000) (1024K)]
  0x000001e1c0585c90 ConcurrentGCThread "G1 Refine#0"               [id=11636, stack(0x000000c431e00000,0x000000c431f00000) (1024K)]
  0x000001e1c0586810 ConcurrentGCThread "G1 Service"                [id=18148, stack(0x000000c431f00000,0x000000c432000000) (1024K)]
Total: 21

Threads with active compile tasks:
C2 CompilerThread0  46569 10866   !   4       sun.security.ssl.SSLCipher$T13GcmReadCipherGenerator$GcmReadCipher::decrypt (555 bytes)
Total: 1

VM state: not at safepoint (normal execution)

VM Mutex/Monitor currently owned by a thread: None

Heap address: 0x0000000704400000, size: 4028 MB, Compressed Oops mode: Zero based, Oop shift amount: 3

CDS archive(s) mapped at: [0x000001e1c4000000-0x000001e1c4d70000-0x000001e1c4d70000), size 14090240, SharedBaseAddress: 0x000001e1c4000000, ArchiveRelocationMode: 1.
Compressed class space mapped at: 0x000001e1c5000000-0x000001e205000000, reserved size: 1073741824
Narrow klass base: 0x000001e1c4000000, Narrow klass shift: 0, Narrow klass range: 0x41000000

GC Precious Log:
 CardTable entry size: 512
 Card Set container configuration: InlinePtr #cards 4 size 8 Array Of Cards #cards 16 size 48 Howl #buckets 8 coarsen threshold 3686 Howl Bitmap #cards 512 size 80 coarsen threshold 460 Card regions per heap region 1 cards per card region 4096
 CPUs: 16 total, 16 available
 Memory: 16109M
 Large Page Support: Disabled
 NUMA Support: Disabled
 Compressed Oops: Enabled (Zero based)
 Heap Region Size: 2M
 Heap Min Capacity: 8M
 Heap Initial Capacity: 252M
 Heap Max Capacity: 4028M
 Pre-touch: Disabled
 Parallel Workers: 13
 Concurrent Workers: 3
 Concurrent Refinement Workers: 13
 Periodic GC: Disabled

Heap:
 garbage-first heap   total reserved 4124672K, committed 104448K, used 79829K [0x0000000704400000, 0x0000000800000000)
  region size 2048K, 25 young (51200K), 4 survivors (8192K)
 Metaspace       used 82199K, committed 82944K, reserved 1179648K
  class space    used 11354K, committed 11712K, reserved 1048576K

Heap Regions: E=young(eden), S=young(survivor), O=old, HS=humongous(starts), HC=humongous(continues), CS=collection set, F=free, TAMS=top-at-mark-start, PB=parsable bottom
|   0|0x0000000704400000, 0x0000000704600000, 0x0000000704600000|100%| O|  |TAMS 0x0000000704400000| PB 0x0000000704400000| Untracked |  0
|   1|0x0000000704600000, 0x0000000704800000, 0x0000000704800000|100%| O|  |TAMS 0x0000000704600000| PB 0x0000000704600000| Untracked |  0
|   2|0x0000000704800000, 0x0000000704a00000, 0x0000000704a00000|100%| O|  |TAMS 0x0000000704800000| PB 0x0000000704800000| Untracked |  0
|   3|0x0000000704a00000, 0x0000000704c00000, 0x0000000704c00000|100%| O|  |TAMS 0x0000000704a00000| PB 0x0000000704a00000| Untracked |  0
|   4|0x0000000704c00000, 0x0000000704e00000, 0x0000000704e00000|100%| O|  |TAMS 0x0000000704c00000| PB 0x0000000704c00000| Untracked |  0
|   5|0x0000000704e00000, 0x0000000705000000, 0x0000000705000000|100%| O|  |TAMS 0x0000000704e00000| PB 0x0000000704e00000| Untracked |  0
|   6|0x0000000705000000, 0x0000000705200000, 0x0000000705200000|100%| O|  |TAMS 0x0000000705000000| PB 0x0000000705000000| Untracked |  0
|   7|0x0000000705200000, 0x0000000705400000, 0x0000000705400000|100%| O|  |TAMS 0x0000000705200000| PB 0x0000000705200000| Untracked |  0
|   8|0x0000000705400000, 0x0000000705600000, 0x0000000705600000|100%| O|  |TAMS 0x0000000705400000| PB 0x0000000705400000| Untracked |  0
|   9|0x0000000705600000, 0x0000000705800000, 0x0000000705800000|100%| O|  |TAMS 0x0000000705600000| PB 0x0000000705600000| Untracked |  0
|  10|0x0000000705800000, 0x0000000705a00000, 0x0000000705a00000|100%| O|  |TAMS 0x0000000705800000| PB 0x0000000705800000| Untracked |  0
|  11|0x0000000705a00000, 0x0000000705a9ddd0, 0x0000000705c00000| 30%| O|  |TAMS 0x0000000705a00000| PB 0x0000000705a00000| Untracked |  0
|  12|0x0000000705c00000, 0x0000000705e00000, 0x0000000705e00000|100%| O|  |TAMS 0x0000000705c00000| PB 0x0000000705c00000| Untracked |  0
|  13|0x0000000705e00000, 0x0000000706000000, 0x0000000706000000|100%| O|  |TAMS 0x0000000705e00000| PB 0x0000000705e00000| Untracked |  0
|  14|0x0000000706000000, 0x0000000706200000, 0x0000000706200000|100%| O|  |TAMS 0x0000000706000000| PB 0x0000000706000000| Untracked |  0
|  15|0x0000000706200000, 0x00000007062e0880, 0x0000000706400000| 43%| O|  |TAMS 0x0000000706200000| PB 0x0000000706200000| Untracked |  0
|  16|0x0000000706400000, 0x0000000706400000, 0x0000000706600000|  0%| F|  |TAMS 0x0000000706400000| PB 0x0000000706400000| Untracked |  0
|  17|0x0000000706600000, 0x0000000706600000, 0x0000000706800000|  0%| F|  |TAMS 0x0000000706600000| PB 0x0000000706600000| Untracked |  0
|  18|0x0000000706800000, 0x0000000706876e40, 0x0000000706a00000| 23%| S|CS|TAMS 0x0000000706800000| PB 0x0000000706800000| Complete |  0
|  19|0x0000000706a00000, 0x0000000706c00000, 0x0000000706c00000|100%| S|CS|TAMS 0x0000000706a00000| PB 0x0000000706a00000| Complete |  0
|  20|0x0000000706c00000, 0x0000000706e00000, 0x0000000706e00000|100%| S|CS|TAMS 0x0000000706c00000| PB 0x0000000706c00000| Complete |  0
|  21|0x0000000706e00000, 0x0000000707000000, 0x0000000707000000|100%| S|CS|TAMS 0x0000000706e00000| PB 0x0000000706e00000| Complete |  0
|  22|0x0000000707000000, 0x0000000707000000, 0x0000000707200000|  0%| F|  |TAMS 0x0000000707000000| PB 0x0000000707000000| Untracked |  0
|  23|0x0000000707200000, 0x0000000707200000, 0x0000000707400000|  0%| F|  |TAMS 0x0000000707200000| PB 0x0000000707200000| Untracked |  0
|  24|0x0000000707400000, 0x0000000707400000, 0x0000000707600000|  0%| F|  |TAMS 0x0000000707400000| PB 0x0000000707400000| Untracked |  0
|  25|0x0000000707600000, 0x0000000707600000, 0x0000000707800000|  0%| F|  |TAMS 0x0000000707600000| PB 0x0000000707600000| Untracked |  0
|  26|0x0000000707800000, 0x0000000707800000, 0x0000000707a00000|  0%| F|  |TAMS 0x0000000707800000| PB 0x0000000707800000| Untracked |  0
|  27|0x0000000707a00000, 0x0000000707a00000, 0x0000000707c00000|  0%| F|  |TAMS 0x0000000707a00000| PB 0x0000000707a00000| Untracked |  0
|  28|0x0000000707c00000, 0x0000000707c00000, 0x0000000707e00000|  0%| F|  |TAMS 0x0000000707c00000| PB 0x0000000707c00000| Untracked |  0
|  29|0x0000000707e00000, 0x0000000707fc4ca8, 0x0000000708000000| 88%| E|  |TAMS 0x0000000707e00000| PB 0x0000000707e00000| Complete |  0
|  30|0x0000000708000000, 0x0000000708200000, 0x0000000708200000|100%| E|CS|TAMS 0x0000000708000000| PB 0x0000000708000000| Complete |  0
|  31|0x0000000708200000, 0x0000000708400000, 0x0000000708400000|100%| E|CS|TAMS 0x0000000708200000| PB 0x0000000708200000| Complete |  0
|  32|0x0000000708400000, 0x0000000708600000, 0x0000000708600000|100%| E|CS|TAMS 0x0000000708400000| PB 0x0000000708400000| Complete |  0
|  33|0x0000000708600000, 0x0000000708800000, 0x0000000708800000|100%| E|CS|TAMS 0x0000000708600000| PB 0x0000000708600000| Complete |  0
|  34|0x0000000708800000, 0x0000000708a00000, 0x0000000708a00000|100%| E|CS|TAMS 0x0000000708800000| PB 0x0000000708800000| Complete |  0
|  35|0x0000000708a00000, 0x0000000708c00000, 0x0000000708c00000|100%| E|CS|TAMS 0x0000000708a00000| PB 0x0000000708a00000| Complete |  0
|  36|0x0000000708c00000, 0x0000000708e00000, 0x0000000708e00000|100%| E|CS|TAMS 0x0000000708c00000| PB 0x0000000708c00000| Complete |  0
|  37|0x0000000708e00000, 0x0000000709000000, 0x0000000709000000|100%| E|CS|TAMS 0x0000000708e00000| PB 0x0000000708e00000| Complete |  0
|  38|0x0000000709000000, 0x0000000709200000, 0x0000000709200000|100%| E|CS|TAMS 0x0000000709000000| PB 0x0000000709000000| Complete |  0
|  39|0x0000000709200000, 0x0000000709400000, 0x0000000709400000|100%| E|CS|TAMS 0x0000000709200000| PB 0x0000000709200000| Complete |  0
|  40|0x0000000709400000, 0x0000000709600000, 0x0000000709600000|100%| E|CS|TAMS 0x0000000709400000| PB 0x0000000709400000| Complete |  0
|  41|0x0000000709600000, 0x0000000709800000, 0x0000000709800000|100%| E|CS|TAMS 0x0000000709600000| PB 0x0000000709600000| Complete |  0
|  42|0x0000000709800000, 0x0000000709a00000, 0x0000000709a00000|100%| E|CS|TAMS 0x0000000709800000| PB 0x0000000709800000| Complete |  0
|  43|0x0000000709a00000, 0x0000000709c00000, 0x0000000709c00000|100%| E|CS|TAMS 0x0000000709a00000| PB 0x0000000709a00000| Complete |  0
|  44|0x0000000709c00000, 0x0000000709e00000, 0x0000000709e00000|100%| E|CS|TAMS 0x0000000709c00000| PB 0x0000000709c00000| Complete |  0
|  45|0x0000000709e00000, 0x000000070a000000, 0x000000070a000000|100%| E|CS|TAMS 0x0000000709e00000| PB 0x0000000709e00000| Complete |  0
|  46|0x000000070a000000, 0x000000070a200000, 0x000000070a200000|100%| E|CS|TAMS 0x000000070a000000| PB 0x000000070a000000| Complete |  0
|  68|0x000000070cc00000, 0x000000070ce00000, 0x000000070ce00000|100%| E|CS|TAMS 0x000000070cc00000| PB 0x000000070cc00000| Complete |  0
|  69|0x000000070ce00000, 0x000000070d000000, 0x000000070d000000|100%| E|CS|TAMS 0x000000070ce00000| PB 0x000000070ce00000| Complete |  0
| 125|0x0000000713e00000, 0x0000000714000000, 0x0000000714000000|100%| E|CS|TAMS 0x0000000713e00000| PB 0x0000000713e00000| Complete |  0
|2013|0x00000007ffe00000, 0x0000000800000000, 0x0000000800000000|100%| O|  |TAMS 0x00000007ffe00000| PB 0x00000007ffe00000| Untracked |  0

Card table byte_map: [0x000001e1bbd30000,0x000001e1bc510000] _byte_map_base: 0x000001e1b850e000

Marking Bits: (CMBitMap*) 0x000001e1a3504540
 Bits: [0x000001e1bc510000, 0x000001e1c0400000)

Polling page: 0x000001e1a1460000

Metaspace:

Usage:
  Non-class:     69.18 MB used.
      Class:     11.09 MB used.
       Both:     80.27 MB used.

Virtual space:
  Non-class space:      128.00 MB reserved,      69.56 MB ( 54%) committed,  2 nodes.
      Class space:        1.00 GB reserved,      11.44 MB (  1%) committed,  1 nodes.
             Both:        1.12 GB reserved,      81.00 MB (  7%) committed. 

Chunk freelists:
   Non-Class:  10.38 MB
       Class:  4.54 MB
        Both:  14.93 MB

MaxMetaspaceSize: unlimited
CompressedClassSpaceSize: 1.00 GB
Initial GC threshold: 21.00 MB
Current GC threshold: 98.56 MB
CDS: on
 - commit_granule_bytes: 65536.
 - commit_granule_words: 8192.
 - virtual_space_node_default_size: 8388608.
 - enlarge_chunks_in_place: 1.
 - use_allocation_guard: 0.


Internal statistics:

num_allocs_failed_limit: 11.
num_arena_births: 1034.
num_arena_deaths: 0.
num_vsnodes_births: 3.
num_vsnodes_deaths: 0.
num_space_committed: 1296.
num_space_uncommitted: 0.
num_chunks_returned_to_freelist: 11.
num_chunks_taken_from_freelist: 3860.
num_chunk_merges: 11.
num_chunk_splits: 2812.
num_chunks_enlarged: 2212.
num_inconsistent_stats: 0.

CodeHeap 'non-profiled nmethods': size=119232Kb used=5244Kb max_used=5244Kb free=113987Kb
 bounds [0x000001e1b3750000, 0x000001e1b3c70000, 0x000001e1babc0000]
CodeHeap 'profiled nmethods': size=119104Kb used=15968Kb max_used=15968Kb free=103135Kb
 bounds [0x000001e1abbc0000, 0x000001e1acb60000, 0x000001e1b3010000]
CodeHeap 'non-nmethods': size=7424Kb used=2321Kb max_used=3525Kb free=5102Kb
 bounds [0x000001e1b3010000, 0x000001e1b3390000, 0x000001e1b3750000]
CodeCache: size=245760Kb, used=23533Kb, max_used=24737Kb, free=222224Kb
 total_blobs=10851, nmethods=10063, adapters=691, full_count=0
Compilation: enabled, stopped_count=0, restarted_count=0

Compilation events (20 events):
Event: 46.452 Thread 0x000001e20d0d5e70 10871   !   4       com.mysql.cj.jdbc.result.ResultSetImpl::next (110 bytes)
Event: 46.453 Thread 0x000001e20d0d1a50 10884       3       org.springframework.util.ConcurrentLruCache$ReadOperations::recordRead (71 bytes)
Event: 46.454 Thread 0x000001e1c34d72d0 10887       3       org.apache.tomcat.util.net.SocketWrapperBase::writeBlocking (61 bytes)
Event: 46.454 Thread 0x000001e20d0d1a50 nmethod 10884 0x000001e1acb54388 code [0x000001e1acb546a0, 0x000001e1acb55f68]
Event: 46.454 Thread 0x000001e20d0d1a50 10886       3       org.apache.tomcat.util.net.SocketWrapperBase::write (30 bytes)
Event: 46.455 Thread 0x000001e20d0d1a50 nmethod 10886 0x000001e1acb56108 code [0x000001e1acb56260, 0x000001e1acb56670]
Event: 46.455 Thread 0x000001e1c34d72d0 nmethod 10887 0x000001e1acb56708 code [0x000001e1acb568c0, 0x000001e1acb57308]
Event: 46.455 Thread 0x000001e20d0d1a50 10888   !   3       org.apache.coyote.http11.Http11OutputBuffer$SocketOutputBuffer::doWrite (88 bytes)
Event: 46.455 Thread 0x000001e1c34d72d0 10890       1       org.apache.tomcat.util.net.SocketWrapperBase::getWriteTimeout (5 bytes)
Event: 46.455 Thread 0x000001e1c34d72d0 nmethod 10890 0x000001e1b3c6d788 code [0x000001e1b3c6d8a0, 0x000001e1b3c6d970]
Event: 46.456 Thread 0x000001e20d0d1a50 nmethod 10888 0x000001e1acb57388 code [0x000001e1acb57560, 0x000001e1acb57e40]
Event: 46.456 Thread 0x000001e20d0d1a50 10891       3       org.apache.coyote.http11.Http11InputBuffer$HeaderParseData::recycle (26 bytes)
Event: 46.456 Thread 0x000001e20d0d1a50 nmethod 10891 0x000001e1acb57f08 code [0x000001e1acb58020, 0x000001e1acb58170]
Event: 46.458 Thread 0x000001e20d0d5e70 nmethod 10871 0x000001e1b3c6da88 code [0x000001e1b3c6dc20, 0x000001e1b3c6e808]
Event: 46.458 Thread 0x000001e20d0d5e70 10889   !   4       com.fasterxml.jackson.databind.ser.std.BeanSerializerBase::serializeFields (179 bytes)
Event: 46.461 Thread 0x000001e20d0d5e70 nmethod 10889 0x000001e1b3c6e908 code [0x000001e1b3c6ea40, 0x000001e1b3c6ed20]
Event: 46.461 Thread 0x000001e20d0d5e70 10885       4       java.lang.StringLatin1::getChars (12 bytes)
Event: 46.461 Thread 0x000001e20d0d5e70 nmethod 10885 0x000001e1b3c6ed88 code [0x000001e1b3c6ee80, 0x000001e1b3c6f020]
Event: 46.461 Thread 0x000001e20d0d5e70 10867       4       org.hibernate.engine.spi.EntityKey::samePersistentType (41 bytes)
Event: 46.462 Thread 0x000001e20d0d5e70 nmethod 10867 0x000001e1b3c6f088 code [0x000001e1b3c6f180, 0x000001e1b3c6f240]

GC Heap History (20 events):
Event: 3.032 GC heap before
{Heap before GC invocations=6 (full 0):
 garbage-first heap   total reserved 4124672K, committed 59392K, used 42888K [0x0000000704400000, 0x0000000800000000)
  region size 2048K, 14 young (28672K), 2 survivors (4096K)
 Metaspace       used 33245K, committed 33792K, reserved 1114112K
  class space    used 4348K, committed 4608K, reserved 1048576K
}
Event: 3.038 GC heap after
{Heap after GC invocations=7 (full 0):
 garbage-first heap   total reserved 4124672K, committed 59392K, used 20579K [0x0000000704400000, 0x0000000800000000)
  region size 2048K, 1 young (2048K), 1 survivors (2048K)
 Metaspace       used 33245K, committed 33792K, reserved 1114112K
  class space    used 4348K, committed 4608K, reserved 1048576K
}
Event: 3.324 GC heap before
{Heap before GC invocations=7 (full 0):
 garbage-first heap   total reserved 4124672K, committed 59392K, used 28771K [0x0000000704400000, 0x0000000800000000)
  region size 2048K, 6 young (12288K), 1 survivors (2048K)
 Metaspace       used 35446K, committed 35968K, reserved 1114112K
  class space    used 4653K, committed 4864K, reserved 1048576K
}
Event: 3.327 GC heap after
{Heap after GC invocations=8 (full 0):
 garbage-first heap   total reserved 4124672K, committed 59392K, used 20785K [0x0000000704400000, 0x0000000800000000)
  region size 2048K, 2 young (4096K), 2 survivors (4096K)
 Metaspace       used 35446K, committed 35968K, reserved 1114112K
  class space    used 4653K, committed 4864K, reserved 1048576K
}
Event: 4.069 GC heap before
{Heap before GC invocations=9 (full 0):
 garbage-first heap   total reserved 4124672K, committed 59392K, used 45361K [0x0000000704400000, 0x0000000800000000)
  region size 2048K, 14 young (28672K), 2 survivors (4096K)
 Metaspace       used 45952K, committed 46400K, reserved 1114112K
  class space    used 6080K, committed 6272K, reserved 1048576K
}
Event: 4.075 GC heap after
{Heap after GC invocations=10 (full 0):
 garbage-first heap   total reserved 4124672K, committed 59392K, used 23340K [0x0000000704400000, 0x0000000800000000)
  region size 2048K, 2 young (4096K), 2 survivors (4096K)
 Metaspace       used 45952K, committed 46400K, reserved 1114112K
  class space    used 6080K, committed 6272K, reserved 1048576K
}
Event: 4.445 GC heap before
{Heap before GC invocations=10 (full 0):
 garbage-first heap   total reserved 4124672K, committed 59392K, used 43820K [0x0000000704400000, 0x0000000800000000)
  region size 2048K, 13 young (26624K), 2 survivors (4096K)
 Metaspace       used 50284K, committed 50816K, reserved 1114112K
  class space    used 6667K, committed 6912K, reserved 1048576K
}
Event: 4.453 GC heap after
{Heap after GC invocations=11 (full 0):
 garbage-first heap   total reserved 4124672K, committed 59392K, used 25070K [0x0000000704400000, 0x0000000800000000)
  region size 2048K, 1 young (2048K), 1 survivors (2048K)
 Metaspace       used 50284K, committed 50816K, reserved 1114112K
  class space    used 6667K, committed 6912K, reserved 1048576K
}
Event: 4.928 GC heap before
{Heap before GC invocations=11 (full 0):
 garbage-first heap   total reserved 4124672K, committed 59392K, used 49646K [0x0000000704400000, 0x0000000800000000)
  region size 2048K, 13 young (26624K), 1 survivors (2048K)
 Metaspace       used 57726K, committed 58368K, reserved 1114112K
  class space    used 7861K, committed 8128K, reserved 1048576K
}
Event: 4.932 GC heap after
{Heap after GC invocations=12 (full 0):
 garbage-first heap   total reserved 4124672K, committed 159744K, used 25929K [0x0000000704400000, 0x0000000800000000)
  region size 2048K, 2 young (4096K), 2 survivors (4096K)
 Metaspace       used 57726K, committed 58368K, reserved 1114112K
  class space    used 7861K, committed 8128K, reserved 1048576K
}
Event: 5.128 GC heap before
{Heap before GC invocations=12 (full 0):
 garbage-first heap   total reserved 4124672K, committed 159744K, used 38217K [0x0000000704400000, 0x0000000800000000)
  region size 2048K, 9 young (18432K), 2 survivors (4096K)
 Metaspace       used 59724K, committed 60288K, reserved 1114112K
  class space    used 8117K, committed 8384K, reserved 1048576K
}
Event: 5.132 GC heap after
{Heap after GC invocations=13 (full 0):
 garbage-first heap   total reserved 4124672K, committed 159744K, used 26555K [0x0000000704400000, 0x0000000800000000)
  region size 2048K, 2 young (4096K), 2 survivors (4096K)
 Metaspace       used 59724K, committed 60288K, reserved 1114112K
  class space    used 8117K, committed 8384K, reserved 1048576K
}
Event: 6.020 GC heap before
{Heap before GC invocations=14 (full 0):
 garbage-first heap   total reserved 4124672K, committed 96256K, used 94139K [0x0000000704400000, 0x0000000800000000)
  region size 2048K, 35 young (71680K), 2 survivors (4096K)
 Metaspace       used 67910K, committed 68544K, reserved 1114112K
  class space    used 9392K, committed 9664K, reserved 1048576K
}
Event: 6.027 GC heap after
{Heap after GC invocations=15 (full 0):
 garbage-first heap   total reserved 4124672K, committed 104448K, used 30499K [0x0000000704400000, 0x0000000800000000)
  region size 2048K, 4 young (8192K), 4 survivors (8192K)
 Metaspace       used 67910K, committed 68544K, reserved 1114112K
  class space    used 9392K, committed 9664K, reserved 1048576K
}
Event: 6.380 GC heap before
{Heap before GC invocations=15 (full 0):
 garbage-first heap   total reserved 4124672K, committed 104448K, used 81699K [0x0000000704400000, 0x0000000800000000)
  region size 2048K, 29 young (59392K), 4 survivors (8192K)
 Metaspace       used 70994K, committed 71616K, reserved 1114112K
  class space    used 9916K, committed 10176K, reserved 1048576K
}
Event: 6.385 GC heap after
{Heap after GC invocations=16 (full 0):
 garbage-first heap   total reserved 4124672K, committed 104448K, used 31997K [0x0000000704400000, 0x0000000800000000)
  region size 2048K, 4 young (8192K), 4 survivors (8192K)
 Metaspace       used 70994K, committed 71616K, reserved 1114112K
  class space    used 9916K, committed 10176K, reserved 1048576K
}
Event: 6.956 GC heap before
{Heap before GC invocations=16 (full 0):
 garbage-first heap   total reserved 4124672K, committed 104448K, used 83197K [0x0000000704400000, 0x0000000800000000)
  region size 2048K, 29 young (59392K), 4 survivors (8192K)
 Metaspace       used 73664K, committed 74304K, reserved 1114112K
  class space    used 10302K, committed 10560K, reserved 1048576K
}
Event: 6.960 GC heap after
{Heap after GC invocations=17 (full 0):
 garbage-first heap   total reserved 4124672K, committed 104448K, used 34859K [0x0000000704400000, 0x0000000800000000)
  region size 2048K, 3 young (6144K), 3 survivors (6144K)
 Metaspace       used 73664K, committed 74304K, reserved 1114112K
  class space    used 10302K, committed 10560K, reserved 1048576K
}
Event: 24.141 GC heap before
{Heap before GC invocations=17 (full 0):
 garbage-first heap   total reserved 4124672K, committed 104448K, used 84011K [0x0000000704400000, 0x0000000800000000)
  region size 2048K, 28 young (57344K), 3 survivors (6144K)
 Metaspace       used 81082K, committed 81856K, reserved 1179648K
  class space    used 11290K, committed 11648K, reserved 1048576K
}
Event: 24.150 GC heap after
{Heap after GC invocations=18 (full 0):
 garbage-first heap   total reserved 4124672K, committed 104448K, used 38869K [0x0000000704400000, 0x0000000800000000)
  region size 2048K, 4 young (8192K), 4 survivors (8192K)
 Metaspace       used 81082K, committed 81856K, reserved 1179648K
  class space    used 11290K, committed 11648K, reserved 1048576K
}

Dll operation events (14 events):
Event: 0.007 Loaded shared library C:\Users\admin\.jdks\openjdk-23\bin\java.dll
Event: 0.034 Loaded shared library C:\Users\admin\.jdks\openjdk-23\bin\jsvml.dll
Event: 0.086 Loaded shared library C:\Users\admin\.jdks\openjdk-23\bin\zip.dll
Event: 0.089 Loaded shared library C:\Users\admin\.jdks\openjdk-23\bin\instrument.dll
Event: 0.093 Loaded shared library C:\Users\admin\.jdks\openjdk-23\bin\net.dll
Event: 0.094 Loaded shared library C:\Users\admin\.jdks\openjdk-23\bin\nio.dll
Event: 0.096 Loaded shared library C:\Users\admin\.jdks\openjdk-23\bin\zip.dll
Event: 0.151 Loaded shared library C:\Program Files\JetBrains\IntelliJ IDEA Community Edition 2023.3.4\bin\breakgen64.dll
Event: 0.158 Loaded shared library C:\Users\admin\.jdks\openjdk-23\bin\extnet.dll
Event: 0.184 Loaded shared library C:\Users\admin\.jdks\openjdk-23\bin\jimage.dll
Event: 1.532 Loaded shared library C:\Users\admin\.jdks\openjdk-23\bin\sunmscapi.dll
Event: 2.890 Loaded shared library C:\Users\admin\.jdks\openjdk-23\bin\management.dll
Event: 2.892 Loaded shared library C:\Users\admin\.jdks\openjdk-23\bin\management_ext.dll
Event: 3.446 Loaded shared library C:\Users\admin\.jdks\openjdk-23\bin\verify.dll

Deoptimization events (20 events):
Event: 30.719 Thread 0x000001e20dcc7bf0 Uncommon trap: trap_request=0xffffffbe fr.pc=0x000001e1b3c18490 relative=0x00000000000004d0
Event: 30.719 Thread 0x000001e20dcc7bf0 Uncommon trap: reason=profile_predicate action=maybe_recompile pc=0x000001e1b3c18490 method=com.fasterxml.jackson.core.json.UTF8JsonGenerator._writeStringSegment2(Ljava/lang/String;II)V @ 42 c2
Event: 30.719 Thread 0x000001e20dcc7bf0 DEOPT PACKING pc=0x000001e1b3c18490 sp=0x000000c4348fb080
Event: 30.719 Thread 0x000001e20dcc7bf0 DEOPT UNPACKING pc=0x000001e1b3064402 sp=0x000000c4348fb000 mode 2
Event: 30.719 Thread 0x000001e20dcc7bf0 Uncommon trap: trap_request=0xffffffbe fr.pc=0x000001e1b3c18490 relative=0x00000000000004d0
Event: 30.719 Thread 0x000001e20dcc7bf0 Uncommon trap: reason=profile_predicate action=maybe_recompile pc=0x000001e1b3c18490 method=com.fasterxml.jackson.core.json.UTF8JsonGenerator._writeStringSegment2(Ljava/lang/String;II)V @ 42 c2
Event: 30.719 Thread 0x000001e20dcc7bf0 DEOPT PACKING pc=0x000001e1b3c18490 sp=0x000000c4348fb080
Event: 30.719 Thread 0x000001e20dcc7bf0 DEOPT UNPACKING pc=0x000001e1b3064402 sp=0x000000c4348fb000 mode 2
Event: 31.981 Thread 0x000001e20dccb070 Uncommon trap: trap_request=0xffffff45 fr.pc=0x000001e1b3c28f10 relative=0x0000000000003150
Event: 31.981 Thread 0x000001e20dccb070 Uncommon trap: reason=unstable_if action=reinterpret pc=0x000001e1b3c28f10 method=com.sun.crypto.provider.GaloisCounterMode$GCMEngine.doLastBlock(Lcom/sun/crypto/provider/GaloisCounterMode$GCMOperation;Ljava/nio/ByteBuffer;Ljava/nio/ByteBuffer;Ljava/nio/B
Event: 31.981 Thread 0x000001e20dccb070 DEOPT PACKING pc=0x000001e1b3c28f10 sp=0x000000c434af9210
Event: 31.981 Thread 0x000001e20dccb070 DEOPT UNPACKING pc=0x000001e1b3064402 sp=0x000000c434af9178 mode 2
Event: 32.107 Thread 0x000001e20dccb070 Uncommon trap: trap_request=0xffffff45 fr.pc=0x000001e1b3b7a00c relative=0x00000000000000ec
Event: 32.107 Thread 0x000001e20dccb070 Uncommon trap: reason=unstable_if action=reinterpret pc=0x000001e1b3b7a00c method=java.lang.StringLatin1.indexOfNonWhitespace([B)I @ 19 c2
Event: 32.107 Thread 0x000001e20dccb070 DEOPT PACKING pc=0x000001e1b3b7a00c sp=0x000000c434afbb30
Event: 32.107 Thread 0x000001e20dccb070 DEOPT UNPACKING pc=0x000001e1b3064402 sp=0x000000c434afb990 mode 2
Event: 32.107 Thread 0x000001e20dccb070 Uncommon trap: trap_request=0xffffff45 fr.pc=0x000001e1b3b7afb4 relative=0x0000000000000094
Event: 32.107 Thread 0x000001e20dccb070 Uncommon trap: reason=unstable_if action=reinterpret pc=0x000001e1b3b7afb4 method=java.lang.StringLatin1.indexOfNonWhitespace([B)I @ 19 c2
Event: 32.107 Thread 0x000001e20dccb070 DEOPT PACKING pc=0x000001e1b3b7afb4 sp=0x000000c434afba70
Event: 32.107 Thread 0x000001e20dccb070 DEOPT UNPACKING pc=0x000001e1b3064402 sp=0x000000c434afb9e8 mode 2

Classes loaded (20 events):
Event: 14.670 Loading class java/time/format/DateTimeFormatterBuilder$ReducedPrinterParser
Event: 14.670 Loading class java/time/format/DateTimeFormatterBuilder$ReducedPrinterParser done
Event: 14.860 Loading class java/util/stream/LongStream
Event: 14.860 Loading class java/util/stream/LongStream done
Event: 14.860 Loading class java/util/stream/DoubleStream
Event: 14.861 Loading class java/util/stream/DoubleStream done
Event: 14.875 Loading class org/w3c/dom/Node
Event: 14.876 Loading class org/w3c/dom/Node done
Event: 14.876 Loading class org/w3c/dom/Document
Event: 14.876 Loading class org/w3c/dom/Document done
Event: 15.075 Loading class java/math/BigDecimal$StringBuilderHelper
Event: 15.075 Loading class java/math/BigDecimal$StringBuilderHelper done
Event: 24.105 Loading class java/util/zip/DeflaterOutputStream
Event: 24.105 Loading class java/util/zip/DeflaterOutputStream done
Event: 24.105 Loading class java/util/zip/GZIPInputStream
Event: 24.105 Loading class java/util/zip/GZIPInputStream done
Event: 24.106 Loading class java/util/zip/GZIPOutputStream
Event: 24.106 Loading class java/util/zip/GZIPOutputStream done
Event: 24.129 Loading class com/sun/crypto/provider/HmacCore$HmacSHA256
Event: 24.129 Loading class com/sun/crypto/provider/HmacCore$HmacSHA256 done

Classes unloaded (0 events):
No events

Classes redefined (0 events):
No events

Internal exceptions (20 events):
Event: 7.171 Thread 0x000001e1a349b040 Exception <a 'java/lang/IncompatibleClassChangeError'{0x00000007098baf28}: Found class java.lang.Object, but interface was expected> (0x00000007098baf28) 
thrown [s\open\src\hotspot\share\interpreter\linkResolver.cpp, line 863]
Event: 7.296 Thread 0x000001e1a349b040 Exception <a 'java/lang/NoSuchMethodError'{0x0000000708eb56d8}: 'java.lang.Object java.lang.invoke.DirectMethodHandle$Holder.newInvokeSpecial(java.lang.Object, java.lang.Object, int, java.lang.Object, java.lang.Object)'> (0x0000000708eb56d8) 
thrown [s\open\src\hotspot\share\interpreter\linkResolver.cpp, line 796]
Event: 7.297 Thread 0x000001e1a349b040 Exception <a 'java/lang/NoSuchMethodError'{0x0000000708ec02a0}: 'java.lang.Object java.lang.invoke.DirectMethodHandle$Holder.invokeSpecial(java.lang.Object, java.lang.Object, int, java.lang.Object, int, java.lang.Object)'> (0x0000000708ec02a0) 
thrown [s\open\src\hotspot\share\interpreter\linkResolver.cpp, line 796]
Event: 7.297 Thread 0x000001e1a349b040 Exception <a 'java/lang/NoSuchMethodError'{0x0000000708ec7188}: 'java.lang.Object java.lang.invoke.DirectMethodHandle$Holder.newInvokeSpecial(java.lang.Object, java.lang.Object, int, java.lang.Object, int)'> (0x0000000708ec7188) 
thrown [s\open\src\hotspot\share\interpreter\linkResolver.cpp, line 796]
Event: 7.298 Thread 0x000001e1a349b040 Exception <a 'java/lang/NoSuchMethodError'{0x0000000708ecafe8}: 'java.lang.Object java.lang.invoke.DirectMethodHandle$Holder.invokeSpecial(java.lang.Object, java.lang.Object, java.lang.Object, int, java.lang.Object, int)'> (0x0000000708ecafe8) 
thrown [s\open\src\hotspot\share\interpreter\linkResolver.cpp, line 796]
Event: 14.612 Thread 0x000001e20dccf210 Exception <a 'java/lang/NoSuchMethodError'{0x0000000708b9d908}: 'java.lang.Object java.lang.invoke.DirectMethodHandle$Holder.invokeSpecial(java.lang.Object, java.lang.Object, java.lang.Object, java.lang.Object, java.lang.Object, long)'> (0x0000000708b9d908) 
thrown [s\open\src\hotspot\share\interpreter\linkResolver.cpp, line 796]
Event: 14.612 Thread 0x000001e20dccf210 Exception <a 'java/lang/NoSuchMethodError'{0x0000000708ba1098}: 'java.lang.Object java.lang.invoke.Invokers$Holder.linkToTargetMethod(java.lang.Object, java.lang.Object, java.lang.Object, long, java.lang.Object)'> (0x0000000708ba1098) 
thrown [s\open\src\hotspot\share\interpreter\linkResolver.cpp, line 796]
Event: 14.773 Thread 0x000001e20dcc7bf0 Exception <a 'java/lang/NoSuchMethodError'{0x00000007080ebf18}: 'void java.lang.invoke.DirectMethodHandle$Holder.invokeSpecialIFC(java.lang.Object, java.lang.Object, int, java.lang.Object, java.lang.Object, java.lang.Object, java.lang.Object)'> (0x00000007080ebf18) 
thrown [s\open\src\hotspot\share\interpreter\linkResolver.cpp, line 796]
Event: 14.830 Thread 0x000001e20dccf210 Exception <a 'java/lang/IncompatibleClassChangeError'{0x0000000707f776b8}: Found class java.lang.Object, but interface was expected> (0x0000000707f776b8) 
thrown [s\open\src\hotspot\share\interpreter\linkResolver.cpp, line 863]
Event: 14.857 Thread 0x000001e20dcc7bf0 Implicit null exception at 0x000001e1b3b9299d to 0x000001e1b3b92e4c
Event: 15.072 Thread 0x000001e20dccf210 Implicit null exception at 0x000001e1b3ba157c to 0x000001e1b3ba1b80
Event: 24.206 Thread 0x000001e20bfdda90 Exception <a 'java/lang/NullPointerException'{0x000000070cfe9718}> (0x000000070cfe9718) 
thrown [s\open\src\hotspot\share\interpreter\linkResolver.cpp, line 1389]
Event: 24.407 Thread 0x000001e20bfd7eb0 Exception <a 'java/lang/NullPointerException'{0x0000000709f73c18}> (0x0000000709f73c18) 
thrown [s\open\src\hotspot\share\interpreter\linkResolver.cpp, line 1389]
Event: 27.203 Thread 0x000001e20bfdaca0 Exception <a 'java/lang/NoSuchMethodError'{0x000000070987ab40}: 'java.lang.Object java.lang.invoke.DirectMethodHandle$Holder.invokeInterface(java.lang.Object, java.lang.Object, java.lang.Object, java.lang.Object, java.lang.Object)'> (0x000000070987ab40) 
thrown [s\open\src\hotspot\share\interpreter\linkResolver.cpp, line 796]
Event: 30.589 Thread 0x000001e20dcc7bf0 Exception <a 'java/lang/NullPointerException'{0x0000000709964658}> (0x0000000709964658) 
thrown [s\open\src\hotspot\share\interpreter\linkResolver.cpp, line 1389]
Event: 30.728 Thread 0x000001e20dccf210 Exception <a 'java/lang/NullPointerException'{0x0000000709275308}> (0x0000000709275308) 
thrown [s\open\src\hotspot\share\interpreter\linkResolver.cpp, line 1389]
Event: 31.978 Thread 0x000001e20dccb070 Exception <a 'java/lang/NullPointerException'{0x0000000708f51698}> (0x0000000708f51698) 
thrown [s\open\src\hotspot\share\interpreter\linkResolver.cpp, line 1389]
Event: 32.115 Thread 0x000001e20dcc9cc0 Exception <a 'java/lang/NullPointerException'{0x0000000708b7e728}> (0x0000000708b7e728) 
thrown [s\open\src\hotspot\share\interpreter\linkResolver.cpp, line 1389]
Event: 46.338 Thread 0x000001e20bfdb330 Exception <a 'java/lang/NullPointerException'{0x000000070841e0b8}> (0x000000070841e0b8) 
thrown [s\open\src\hotspot\share\interpreter\linkResolver.cpp, line 1389]
Event: 46.338 Thread 0x000001e20bfd9f80 Exception <a 'java/lang/NullPointerException'{0x00000007084138d0}> (0x00000007084138d0) 
thrown [s\open\src\hotspot\share\interpreter\linkResolver.cpp, line 1389]

VM Operations (20 events):
Event: 6.956 Executing VM operation: G1CollectForAllocation (G1 Evacuation Pause)
Event: 6.960 Executing VM operation: G1CollectForAllocation (G1 Evacuation Pause) done
Event: 7.096 Executing VM operation: HandshakeAllThreads (Deoptimize)
Event: 7.096 Executing VM operation: HandshakeAllThreads (Deoptimize) done
Event: 14.632 Executing VM operation: HandshakeAllThreads (Deoptimize)
Event: 14.632 Executing VM operation: HandshakeAllThreads (Deoptimize) done
Event: 14.687 Executing VM operation: HandshakeAllThreads (Deoptimize)
Event: 14.687 Executing VM operation: HandshakeAllThreads (Deoptimize) done
Event: 14.729 Executing VM operation: HandshakeAllThreads (Deoptimize)
Event: 14.729 Executing VM operation: HandshakeAllThreads (Deoptimize) done
Event: 14.803 Executing VM operation: HandshakeAllThreads (Deoptimize)
Event: 14.803 Executing VM operation: HandshakeAllThreads (Deoptimize) done
Event: 14.865 Executing VM operation: HandshakeAllThreads (Deoptimize)
Event: 14.865 Executing VM operation: HandshakeAllThreads (Deoptimize) done
Event: 24.137 Executing VM operation: HandshakeAllThreads (Deoptimize)
Event: 24.137 Executing VM operation: HandshakeAllThreads (Deoptimize) done
Event: 24.141 Executing VM operation: G1CollectForAllocation (G1 Evacuation Pause)
Event: 24.150 Executing VM operation: G1CollectForAllocation (G1 Evacuation Pause) done
Event: 27.195 Executing VM operation: HandshakeAllThreads (Deoptimize)
Event: 27.195 Executing VM operation: HandshakeAllThreads (Deoptimize) done

Memory protections (0 events):
No events

Nmethod flushes (20 events):
Event: 5.145 Thread 0x000001e1c06c4ce0 flushing  nmethod 0x000001e1ac280308
Event: 5.145 Thread 0x000001e1c06c4ce0 flushing  nmethod 0x000001e1ac288108
Event: 5.145 Thread 0x000001e1c06c4ce0 flushing  nmethod 0x000001e1ac2d1b08
Event: 5.145 Thread 0x000001e1c06c4ce0 flushing  nmethod 0x000001e1ac2ecd08
Event: 5.145 Thread 0x000001e1c06c4ce0 flushing  nmethod 0x000001e1ac2f2d88
Event: 5.145 Thread 0x000001e1c06c4ce0 flushing  nmethod 0x000001e1ac306088
Event: 5.145 Thread 0x000001e1c06c4ce0 flushing  nmethod 0x000001e1ac308908
Event: 5.145 Thread 0x000001e1c06c4ce0 flushing  nmethod 0x000001e1ac308c88
Event: 5.145 Thread 0x000001e1c06c4ce0 flushing  nmethod 0x000001e1ac309388
Event: 5.145 Thread 0x000001e1c06c4ce0 flushing  nmethod 0x000001e1ac309708
Event: 5.145 Thread 0x000001e1c06c4ce0 flushing  nmethod 0x000001e1ac30a008
Event: 5.145 Thread 0x000001e1c06c4ce0 flushing  nmethod 0x000001e1ac30ac08
Event: 5.145 Thread 0x000001e1c06c4ce0 flushing  nmethod 0x000001e1ac30b488
Event: 5.145 Thread 0x000001e1c06c4ce0 flushing  nmethod 0x000001e1ac30bb88
Event: 5.145 Thread 0x000001e1c06c4ce0 flushing  nmethod 0x000001e1ac30ce08
Event: 5.145 Thread 0x000001e1c06c4ce0 flushing  nmethod 0x000001e1ac367f08
Event: 5.145 Thread 0x000001e1c06c4ce0 flushing  nmethod 0x000001e1ac36b208
Event: 5.145 Thread 0x000001e1c06c4ce0 flushing  nmethod 0x000001e1ac36b788
Event: 5.145 Thread 0x000001e1c06c4ce0 flushing  nmethod 0x000001e1ac36c208
Event: 5.145 Thread 0x000001e1c06c4ce0 flushing  nmethod 0x000001e1ac3a8888

Events (20 events):
Event: 26.547 Thread 0x000001e20d0d6c10 Thread exited: 0x000001e20d0d6c10
Event: 27.185 Thread 0x000001e20d0d4a00 Thread exited: 0x000001e20d0d4a00
Event: 27.185 Thread 0x000001e20d0d1380 Thread exited: 0x000001e20d0d1380
Event: 30.582 Thread 0x000001e20d0d2120 Thread exited: 0x000001e20d0d2120
Event: 30.804 Thread 0x000001e1c34d3710 Thread added: 0x000001e20d0d3c60
Event: 30.804 Thread 0x000001e1c34d3710 Thread added: 0x000001e20d0d4a00
Event: 30.804 Thread 0x000001e1c34d3710 Thread added: 0x000001e20d0d1a50
Event: 31.972 Thread 0x000001e20d0d1a50 Thread exited: 0x000001e20d0d1a50
Event: 31.973 Thread 0x000001e20d0d4a00 Thread exited: 0x000001e20d0d4a00
Event: 31.974 Thread 0x000001e20d0d3c60 Thread exited: 0x000001e20d0d3c60
Event: 31.987 Thread 0x000001e1c34d72d0 Thread added: 0x000001e20d0d3c60
Event: 32.002 Thread 0x000001e20d0d3c60 Thread added: 0x000001e20d0d5e70
Event: 32.111 Thread 0x000001e1c34d72d0 Thread added: 0x000001e20d0d1a50
Event: 32.210 Thread 0x000001e20d0d1a50 Thread added: 0x000001e20d0d4a00
Event: 32.321 Thread 0x000001e20d0d5e70 Thread exited: 0x000001e20d0d5e70
Event: 36.329 Thread 0x000001e20d0d4a00 Thread exited: 0x000001e20d0d4a00
Event: 36.329 Thread 0x000001e20d0d1a50 Thread exited: 0x000001e20d0d1a50
Event: 37.325 Thread 0x000001e20d0d3c60 Thread exited: 0x000001e20d0d3c60
Event: 46.321 Thread 0x000001e1c34d72d0 Thread added: 0x000001e20d0d1a50
Event: 46.446 Thread 0x000001e20d0d1a50 Thread added: 0x000001e20d0d5e70


Dynamic libraries:
0x00007ff6d30a0000 - 0x00007ff6d30ae000 	C:\Users\admin\.jdks\openjdk-23\bin\java.exe
0x00007ffb96b50000 - 0x00007ffb96d67000 	C:\WINDOWS\SYSTEM32\ntdll.dll
0x00007ffb96650000 - 0x00007ffb96714000 	C:\WINDOWS\System32\KERNEL32.DLL
0x00007ffb940c0000 - 0x00007ffb94479000 	C:\WINDOWS\System32\KERNELBASE.dll
0x00007ffb946b0000 - 0x00007ffb947c1000 	C:\WINDOWS\System32\ucrtbase.dll
0x00007ffb816c0000 - 0x00007ffb816d7000 	C:\Users\admin\.jdks\openjdk-23\bin\jli.dll
0x00007ffb8bf60000 - 0x00007ffb8bf7b000 	C:\Users\admin\.jdks\openjdk-23\bin\VCRUNTIME140.dll
0x00007ffb96380000 - 0x00007ffb9652e000 	C:\WINDOWS\System32\USER32.dll
0x00007ffb93f70000 - 0x00007ffb93f96000 	C:\WINDOWS\System32\win32u.dll
0x00007ffb6de40000 - 0x00007ffb6e0d2000 	C:\WINDOWS\WinSxS\amd64_microsoft.windows.common-controls_6595b64144ccf1df_6.0.22621.4391_none_2715d37f73803e96\COMCTL32.dll
0x00007ffb959d0000 - 0x00007ffb959f9000 	C:\WINDOWS\System32\GDI32.dll
0x00007ffb93e50000 - 0x00007ffb93f6b000 	C:\WINDOWS\System32\gdi32full.dll
0x00007ffb965a0000 - 0x00007ffb96647000 	C:\WINDOWS\System32\msvcrt.dll
0x00007ffb93fa0000 - 0x00007ffb9403a000 	C:\WINDOWS\System32\msvcp_win.dll
0x00007ffb94f50000 - 0x00007ffb94f81000 	C:\WINDOWS\System32\IMM32.DLL
0x00007ffb89b70000 - 0x00007ffb89b7c000 	C:\Users\admin\.jdks\openjdk-23\bin\vcruntime140_1.dll
0x00007ffb5b6d0000 - 0x00007ffb5b75e000 	C:\Users\admin\.jdks\openjdk-23\bin\msvcp140.dll
0x00007ffb0da30000 - 0x00007ffb0e77f000 	C:\Users\admin\.jdks\openjdk-23\bin\server\jvm.dll
0x00007ffb94e90000 - 0x00007ffb94f42000 	C:\WINDOWS\System32\ADVAPI32.dll
0x00007ffb967e0000 - 0x00007ffb96887000 	C:\WINDOWS\System32\sechost.dll
0x00007ffb94840000 - 0x00007ffb94868000 	C:\WINDOWS\System32\bcrypt.dll
0x00007ffb955f0000 - 0x00007ffb95704000 	C:\WINDOWS\System32\RPCRT4.dll
0x00007ffb96740000 - 0x00007ffb967b1000 	C:\WINDOWS\System32\WS2_32.dll
0x00007ffb899d0000 - 0x00007ffb89a04000 	C:\WINDOWS\SYSTEM32\WINMM.dll
0x00007ffb92ca0000 - 0x00007ffb92ced000 	C:\WINDOWS\SYSTEM32\POWRPROF.dll
0x00007ffb89d20000 - 0x00007ffb89d2a000 	C:\WINDOWS\SYSTEM32\VERSION.dll
0x00007ffb92c80000 - 0x00007ffb92c93000 	C:\WINDOWS\SYSTEM32\UMPDC.dll
0x00007ffb92f40000 - 0x00007ffb92f58000 	C:\WINDOWS\SYSTEM32\kernel.appcore.dll
0x00007ffb81e40000 - 0x00007ffb81e4a000 	C:\Users\admin\.jdks\openjdk-23\bin\jimage.dll
0x00007ffb91710000 - 0x00007ffb91942000 	C:\WINDOWS\SYSTEM32\DBGHELP.DLL
0x00007ffb94a50000 - 0x00007ffb94ddf000 	C:\WINDOWS\System32\combase.dll
0x00007ffb95510000 - 0x00007ffb955e7000 	C:\WINDOWS\System32\OLEAUT32.dll
0x00007ffb878f0000 - 0x00007ffb87922000 	C:\WINDOWS\SYSTEM32\dbgcore.DLL
0x00007ffb94040000 - 0x00007ffb940bb000 	C:\WINDOWS\System32\bcryptPrimitives.dll
0x00007ffb89ab0000 - 0x00007ffb89abf000 	C:\Users\admin\.jdks\openjdk-23\bin\instrument.dll
0x00007ffb78530000 - 0x00007ffb7854e000 	C:\Users\admin\.jdks\openjdk-23\bin\java.dll
0x00007ffb95820000 - 0x00007ffb959c5000 	C:\WINDOWS\System32\ole32.dll
0x00007ffb95a00000 - 0x00007ffb96276000 	C:\WINDOWS\System32\SHELL32.dll
0x00007ffb91d50000 - 0x00007ffb92653000 	C:\WINDOWS\SYSTEM32\windows.storage.dll
0x00007ffb91c10000 - 0x00007ffb91d4f000 	C:\WINDOWS\SYSTEM32\wintypes.dll
0x00007ffb95720000 - 0x00007ffb95819000 	C:\WINDOWS\System32\SHCORE.dll
0x00007ffb95410000 - 0x00007ffb9546e000 	C:\WINDOWS\System32\shlwapi.dll
0x00007ffb93d80000 - 0x00007ffb93dab000 	C:\WINDOWS\SYSTEM32\profapi.dll
0x00007ffb4dca0000 - 0x00007ffb4dd77000 	C:\Users\admin\.jdks\openjdk-23\bin\jsvml.dll
0x00007ffb6b3b0000 - 0x00007ffb6b3c7000 	C:\Users\admin\.jdks\openjdk-23\bin\zip.dll
0x00007ffb818b0000 - 0x00007ffb818c0000 	C:\Users\admin\.jdks\openjdk-23\bin\net.dll
0x00007ffb933b0000 - 0x00007ffb93419000 	C:\WINDOWS\system32\mswsock.dll
0x00007ffb72080000 - 0x00007ffb72096000 	C:\Users\admin\.jdks\openjdk-23\bin\nio.dll
0x00007ffb82500000 - 0x00007ffb8251a000 	C:\Program Files\JetBrains\IntelliJ IDEA Community Edition 2023.3.4\bin\breakgen64.dll
0x00007ffb8c040000 - 0x00007ffb8c049000 	C:\Users\admin\.jdks\openjdk-23\bin\extnet.dll
0x00007ffb81fb0000 - 0x00007ffb81fbe000 	C:\Users\admin\.jdks\openjdk-23\bin\sunmscapi.dll
0x00007ffb94480000 - 0x00007ffb945e6000 	C:\WINDOWS\System32\CRYPT32.dll
0x00007ffb937f0000 - 0x00007ffb9381d000 	C:\WINDOWS\SYSTEM32\ncrypt.dll
0x00007ffb937b0000 - 0x00007ffb937e7000 	C:\WINDOWS\SYSTEM32\NTASN1.dll
0x00007ffb936a0000 - 0x00007ffb936bb000 	C:\WINDOWS\SYSTEM32\CRYPTSP.dll
0x00007ffb92ea0000 - 0x00007ffb92ed5000 	C:\WINDOWS\system32\rsaenh.dll
0x00007ffb93450000 - 0x00007ffb93478000 	C:\WINDOWS\SYSTEM32\USERENV.dll
0x00007ffb935b0000 - 0x00007ffb935bc000 	C:\WINDOWS\SYSTEM32\CRYPTBASE.dll
0x00007ffb92930000 - 0x00007ffb9295d000 	C:\WINDOWS\SYSTEM32\IPHLPAPI.DLL
0x00007ffb95710000 - 0x00007ffb95719000 	C:\WINDOWS\System32\NSI.dll
0x00007ffb81b10000 - 0x00007ffb81b1a000 	C:\Users\admin\.jdks\openjdk-23\bin\management.dll
0x00007ffb81b00000 - 0x00007ffb81b0b000 	C:\Users\admin\.jdks\openjdk-23\bin\management_ext.dll
0x00007ffb95470000 - 0x00007ffb95478000 	C:\WINDOWS\System32\PSAPI.DLL
0x00007ffb81960000 - 0x00007ffb81970000 	C:\Users\admin\.jdks\openjdk-23\bin\verify.dll
0x00007ffb92960000 - 0x00007ffb92a62000 	C:\WINDOWS\SYSTEM32\DNSAPI.dll
0x0000000059e60000 - 0x0000000059e86000 	C:\Program Files\Bonjour\mdnsNSP.dll
0x00007ffb8a200000 - 0x00007ffb8a20a000 	C:\Windows\System32\rasadhlp.dll
0x00007ffb89a10000 - 0x00007ffb89a93000 	C:\WINDOWS\System32\fwpuclnt.dll
0x00007ffb87990000 - 0x00007ffb87998000 	C:\WINDOWS\system32\wshunix.dll

dbghelp: loaded successfully - version: 4.0.5 - missing functions: none
symbol engine: initialized successfully - sym options: 0x614 - pdb path: .;C:\Users\admin\.jdks\openjdk-23\bin;C:\WINDOWS\SYSTEM32;C:\WINDOWS\WinSxS\amd64_microsoft.windows.common-controls_6595b64144ccf1df_6.0.22621.4391_none_2715d37f73803e96;C:\Users\admin\.jdks\openjdk-23\bin\server;C:\Program Files\JetBrains\IntelliJ IDEA Community Edition 2023.3.4\bin;C:\Program Files\Bonjour

VM Arguments:
jvm_args: -javaagent:C:\Program Files\JetBrains\IntelliJ IDEA Community Edition 2023.3.4\lib\idea_rt.jar=54022:C:\Program Files\JetBrains\IntelliJ IDEA Community Edition 2023.3.4\bin -Dfile.encoding=UTF-8 -Dsun.stdout.encoding=UTF-8 -Dsun.stderr.encoding=UTF-8 
java_command: com.uit.website_ban_sach.WebsiteBanSachApplication
java_class_path (initial): D:\studymaterial\IE104\final-new1\BookStore_BE\target\classes;C:\Users\admin\.m2\repository\org\springframework\boot\spring-boot-starter-data-jpa\3.2.3\spring-boot-starter-data-jpa-3.2.3.jar;C:\Users\admin\.m2\repository\org\springframework\boot\spring-boot-starter-aop\3.2.3\spring-boot-starter-aop-3.2.3.jar;C:\Users\admin\.m2\repository\org\aspectj\aspectjweaver\1.9.21\aspectjweaver-1.9.21.jar;C:\Users\admin\.m2\repository\org\springframework\boot\spring-boot-starter-jdbc\3.2.3\spring-boot-starter-jdbc-3.2.3.jar;C:\Users\admin\.m2\repository\com\zaxxer\HikariCP\5.0.1\HikariCP-5.0.1.jar;C:\Users\admin\.m2\repository\org\springframework\spring-jdbc\6.1.4\spring-jdbc-6.1.4.jar;C:\Users\admin\.m2\repository\org\hibernate\orm\hibernate-core\6.4.4.Final\hibernate-core-6.4.4.Final.jar;C:\Users\admin\.m2\repository\jakarta\persistence\jakarta.persistence-api\3.1.0\jakarta.persistence-api-3.1.0.jar;C:\Users\admin\.m2\repository\jakarta\transaction\jakarta.transaction-api\2.0.1\jakarta.transaction-api-2.0.1.jar;C:\Users\admin\.m2\repository\org\jboss\logging\jboss-logging\3.5.3.Final\jboss-logging-3.5.3.Final.jar;C:\Users\admin\.m2\repository\org\hibernate\common\hibernate-commons-annotations\6.0.6.Final\hibernate-commons-annotations-6.0.6.Final.jar;C:\Users\admin\.m2\repository\io\smallrye\jandex\3.1.2\jandex-3.1.2.jar;C:\Users\admin\.m2\repository\com\fasterxml\classmate\1.6.0\classmate-1.6.0.jar;C:\Users\admin\.m2\repository\net\bytebuddy\byte-buddy\1.14.12\byte-buddy-1.14.12.jar;C:\Users\admin\.m2\repository\org\glassfish\jaxb\jaxb-runtime\4.0.4\jaxb-runtime-4.0.4.jar;C:\Users\admin\.m2\repository\org\glassfish\jaxb\jaxb-core\4.0.4\jaxb-core-4.0.4.jar;C:\Users\admin\.m2\repository\org\eclipse\angus\angus-activation\2.0.1\angus-activation-2.0.1.jar;C:\Users\admin\.m2\repository\org\glassfish\jaxb\txw2\4.0.4\txw2-4.0.4.jar;C:\Users\admin\.m2\repository\com\sun\istack\istack-commons-runtime\4.1.2\istack-commons-runtime-4.1.2.jar;C:\Users\admin\.m2\repository\jakarta\inject\jakarta.inject-api\2.0.1\jakarta.inject-api-2.0.1.jar;C:\Users\admin\.m2\repository\org\antlr\antlr4-runtime\4.13.0\antlr4-runtime-4.13.0.jar;C:\Users\admin\.m2\repository\org\springframework\data\spring-data-jpa\3.2.3\spring-data-jpa-3.2.3.jar;C:\Users\admin\.m2\repository\org\springframework\data\spring-data-commons\3.2.3\spring-data-commons-3.2.3.jar;C:\Users\admin\.m2\repository\org\springframework\spring-orm\6.1.4\spring-orm-6.1.4.jar;C:\Users\admin\.m2\repository\org\springframework\spring-context\6.1.4\spring-context-6.1.4.jar;C:\Users\admin\.m2\repository\org\springframework\spring-tx\6.1.4\spring-tx-6.1.4.jar;C:\Users\admin\.m2\repository\org\springframework\spring-beans\6.1.4\spring-beans-6.1.4.jar;C:\Users\admin\.m2\repository\jakarta\annotation\jakarta.annotation-api\2.1.1\jakarta.annotation-api-2.1.1.jar;C:\Users\admin\.m2\repository\org\slf4j\slf4j-api\2.0.12\slf4j-api-2.0.12.jar;C:\Users\admin\.m2\repository\org\springframework\spring-aspects\6.1.4\spring-aspects-6.1.4.jar;C:\Users\admin\.m2\repository\org\springframework\boot\spring-boot-starter-web\3.2.3\spring-boot-starter-web-3.2.3.jar;C:\Users\admin\.m2\repository\org\springframework\boot\spring-boot-starter\3.2.3\spring-boot-starter-3.2.3.jar;C:\Users\admin\.m2\repository\org\springframework\boot\spring-boot\3.2.3\spring-boot-3.2.3.jar;C:\Users\admin\.m2\repository\org\springframework\boot\spring-boot-autoconfigure\3.2.3\spring-boot-autoconfigure-3.2.3.jar;C:\Users\admin\.m2\repository\org\springframework\boot\spring-boot-starter-logging\3.2.3\spring-boot-starter-logging-3.2.3.jar;C:\Users\admin\.m2\repository\ch\qos\logback\logback-classic\1.4.14\logback-classic-1.4.14.jar;C:\Users\admin\.m2\repository\ch\qos\logback\logback-core\1.4.14\logback-core-1.4.14.jar;C:\Users\admin\.m2\repository\org\apache\logging\log4j\log4j-to-slf4j\2.21.1\log4j-to-slf4j-2.21.1.jar;C:\Users\admin\.m2\repository\org\apache\logging\log4j\log4j-api\2.21.1\log4j-api-2.21.1.jar;C:\Users\admin\.m2\repository\org\slf4j\jul-to-slf4j\2.0.12\jul-to-slf4j-2.0.12.jar;C:\Users\admin\.m2\repository\org\yaml\snakeyaml\2.2\snakeyaml-2.2.jar;C:\Users\admin\.m2\repository\org\springframework\boot\spring-boot-starter-json\3.2.3\spring-boot-starter-json-3.2.3.jar;C:\Users\admin\.m2\repository\com\fasterxml\jackson\datatype\jackson-datatype-jdk8\2.15.4\jackson-datatype-jdk8-2.15.4.jar;C:\Users\admin\.m2\repository\com\fasterxml\jackson\datatype\jackson-datatype-jsr310\2.15.4\jackson-datatype-jsr310-2.15.4.jar;C:\Users\admin\.m2\repository\com\fasterxml\jackson\module\jackson-module-parameter-names\2.15.4\jackson-module-parameter-names-2.15.4.jar;C:\Users\admin\.m2\repository\org\springframework\boot\spring-boot-starter-tomcat\3.2.3\spring-boot-starter-tomcat-3.2.3.jar;C:\Users\admin\.m2\repository\org\apache\tomcat\embed\tomcat-embed-core\10.1.19\tomcat-embed-core-10.1.19.jar;C:\Users\admin\.m2\repository\org\apache\tomcat\embed\tomcat-embed-websocket\10.1.19\tomcat-embed-websocket-10.1.19.jar;C:\Users\admin\.m2\repository\org\springframework\spring-web\6.1.4\spring-web-6.1.4.jar;C:\Users\admin\.m2\repository\io\micrometer\micrometer-observation\1.12.3\micrometer-observation-1.12.3.jar;C:\Users\admin\.m2\repository\io\micrometer\micrometer-commons\1.12.3\micrometer-commons-1.12.3.jar;C:\Users\admin\.m2\repository\org\springframework\spring-webmvc\6.1.4\spring-webmvc-6.1.4.jar;C:\Users\admin\.m2\repository\org\springframework\spring-expression\6.1.4\spring-expression-6.1.4.jar;C:\Users\admin\.m2\repository\com\mysql\mysql-connector-j\8.3.0\mysql-connector-j-8.3.0.jar;C:\Users\admin\.m2\repository\org\projectlombok\lombok\1.18.30\lombok-1.18.30.jar;C:\Users\admin\.m2\repository\jakarta\xml\bind\jakarta.xml.bind-api\4.0.1\jakarta.xml.bind-api-4.0.1.jar;C:\Users\admin\.m2\repository\jakarta\activation\jakarta.activation-api\2.1.2\jakarta.activation-api-2.1.2.jar;C:\Users\admin\.m2\repository\org\springframework\spring-core\6.1.4\spring-core-6.1.4.jar;C:\Users\admin\.m2\repository\org\springframework\spring-jcl\6.1.4\spring-jcl-6.1.4.jar;C:\Users\admin\.m2\repository\org\springframework\boot\spring-boot-starter-security\3.2.3\spring-boot-starter-security-3.2.3.jar;C:\Users\admin\.m2\repository\org\springframework\spring-aop\6.1.4\spring-aop-6.1.4.jar;C:\Users\admin\.m2\repository\org\springframework\security\spring-security-config\6.2.2\spring-security-config-6.2.2.jar;C:\Users\admin\.m2\repository\org\springframework\security\spring-security-core\6.2.2\spring-security-core-6.2.2.jar;C:\Users\admin\.m2\repository\org\springframework\security\spring-security-crypto\6.2.2\spring-security-crypto-6.2.2.jar;C:\Users\admin\.m2\repository\org\springframework\security\spring-security-web\6.2.2\spring-security-web-6.2.2.jar;C:\Users\admin\.m2\repository\org\springframework\boot\spring-boot-starter-validation\3.2.3\spring-boot-starter-validation-3.2.3.jar;C:\Users\admin\.m2\repository\org\apache\tomcat\embed\tomcat-embed-el\10.1.19\tomcat-embed-el-10.1.19.jar;C:\Users\admin\.m2\repository\org\hibernate\validator\hibernate-validator\8.0.1.Final\hibernate-validator-8.0.1.Final.jar;C:\Users\admin\.m2\repository\jakarta\validation\jakarta.validation-api\3.0.2\jakarta.validation-api-3.0.2.jar;C:\Users\admin\.m2\repository\io\jsonwebtoken\jjwt-api\0.11.5\jjwt-api-0.11.5.jar;C:\Users\admin\.m2\repository\io\jsonwebtoken\jjwt-impl\0.11.5\jjwt-impl-0.11.5.jar;C:\Users\admin\.m2\repository\io\jsonwebtoken\jjwt-jackson\0.11.5\jjwt-jackson-0.11.5.jar;C:\Users\admin\.m2\repository\com\fasterxml\jackson\core\jackson-databind\2.15.4\jackson-databind-2.15.4.jar;C:\Users\admin\.m2\repository\com\fasterxml\jackson\core\jackson-annotations\2.15.4\jackson-annotations-2.15.4.jar;C:\Users\admin\.m2\repository\com\fasterxml\jackson\core\jackson-core\2.15.4\jackson-core-2.15.4.jar
Launcher Type: SUN_STANDARD

[Global flags]
     intx CICompilerCount                          = 12                                        {product} {ergonomic}
     uint ConcGCThreads                            = 3                                         {product} {ergonomic}
     uint G1ConcRefinementThreads                  = 13                                        {product} {ergonomic}
   size_t G1HeapRegionSize                         = 2097152                                   {product} {ergonomic}
   size_t InitialHeapSize                          = 264241152                                 {product} {ergonomic}
   size_t MarkStackSize                            = 4194304                                   {product} {ergonomic}
   size_t MarkStackSizeMax                         = 536870912                                 {product} {ergonomic}
   size_t MaxHeapSize                              = 4223664128                                {product} {ergonomic}
   size_t MaxNewSize                               = 2533359616                                {product} {ergonomic}
   size_t MinHeapDeltaBytes                        = 2097152                                   {product} {ergonomic}
   size_t MinHeapSize                              = 8388608                                   {product} {ergonomic}
    uintx NonNMethodCodeHeapSize                   = 7602176                                {pd product} {ergonomic}
    uintx NonProfiledCodeHeapSize                  = 122093568                              {pd product} {ergonomic}
    uintx ProfiledCodeHeapSize                     = 121962496                              {pd product} {ergonomic}
    uintx ReservedCodeCacheSize                    = 251658240                              {pd product} {ergonomic}
     bool SegmentedCodeCache                       = true                                      {product} {ergonomic}
   size_t SoftMaxHeapSize                          = 4223664128                             {manageable} {ergonomic}
     bool UseCompressedOops                        = true                           {product lp64_product} {ergonomic}
     bool UseG1GC                                  = true                                      {product} {ergonomic}
     bool UseLargePagesIndividualAllocation        = false                                  {pd product} {ergonomic}

Logging:
Log output configuration:
 #0: stdout all=warning uptime,level,tags foldmultilines=false
 #1: stderr all=off uptime,level,tags foldmultilines=false

Environment Variables:
JAVA_HOME=C:\Program Files\Java\jdk-20
PATH=C:\Program Files\Microsoft\jdk-11.0.16.101-hotspot\bin;C:\Program Files\Common Files\Oracle\Java\javapath;C:\Program Files (x86)\Common Files\Oracle\Java\javapath;C:\Windows\system32;C:\Windows;C:\Windows\System32\Wbem;C:\Windows\System32\WindowsPowerShell\v1.0\;C:\Windows\System32\OpenSSH\;C:\Program Files (x86)\NVIDIA Corporation\PhysX\Common;C:\Program Files\NVIDIA Corporation\NVIDIA NvDLISR;C:\Program Files\Java\jdk-20\bin;C:\apache-maven-3.9.3\bin;C:\mingw64;C:\mingw64\bin;C:\Program Files\Microsoft SQL Server\Client SDK\ODBC\170\Tools\Binn\;C:\sqlite3;C:\Program Files (x86)\Microsoft SQL Server\160\Tools\Binn\;C:\Program Files\Microsoft SQL Server\160\Tools\Binn\;C:\Program Files\Microsoft SQL Server\160\DTS\Binn\;C:\Program Files\dotnet\;C:\Program Files\cmake-3.26.1-windows-x86_64\bin;C:\WINDOWS\system32;C:\WINDOWS;C:\WINDOWS\System32\Wbem;C:\WINDOWS\System32\WindowsPowerShell\v1.0\;C:\WINDOWS\System32\OpenSSH\;C:\Users\admin\AppData\Roaming\nvm;C:\Program Files\nodejs;C:\Python34;C:\Program Files\Go\bin;C:\ProgramData\chocolatey\bin;C:\Program Files\Docker\Docker\resources\bin;C:\Program Files\Git\cmd;C:\Program Files\Microsoft SQL Server\150\Tools\Binn\;C:\Program Files (x86)\Microsoft SQL Server\160\DTS\Binn\;C:\Program Files\php-8.3.11-Win32-vs16-x64;C:\Program Files\nodejs\;C:\composer;C:\Program Files\Java\jdk-20;C:\Program Files\MySQL\MySQL Server 8.0\bin;C:\Users\admin\.config\herd-lite\bin;C:\Users\admin\AppData\Local\Programs\Python\Python312\Scripts\;C:\Users\admin\AppData\Local\Programs\Python\Python312\;C:\Users\admin\AppData\Local\Programs\Python\Launcher\;C:\Program Files\MySQL\MySQL Shell 8.0\bin\;C:\Users\admin\AppData\Local\Microsoft\WindowsApps;C:\Program Files\Azure Data Studio\bin;C:\Users\admin\AppData\Local\Programs\Microsoft VS Code\bin;C:\Users\admin\.dotnet\tools;C:\Users\admin\AppData\Roaming\nvm;C:\Program Files\nodejs;c:\users\admin\.local\bin;c:\users\admin\appdata\roaming\python\python311\scripts;C:\Python34;C:\Python34\Scripts;C:\Users\admin\go\bin;C:\apache-maven-3.9.3\bin;C:\Users\admin\AppData\Local\GitHubDesktop\bin;C:\Program Files\JetBrains\IntelliJ IDEA Community Edition 2023.3.4\bin;C:\Program Files\Azure Data Studio\bin;C:\Users\admin\AppData\Roaming\npm;C:\Users\admin\AppData\Roaming\Composer\vendor\bin;C:\php-8.3.13;C:\Program Files\MySQL\MySQL Server 8.0\bin;
USERNAME=admin
OS=Windows_NT
PROCESSOR_IDENTIFIER=Intel64 Family 6 Model 154 Stepping 3, GenuineIntel
TMP=C:\Users\admin\AppData\Local\Temp
TEMP=C:\Users\admin\AppData\Local\Temp




Periodic native trim disabled

---------------  S Y S T E M  ---------------

OS:
 Windows 11 , 64 bit Build 22621 (10.0.22621.4391)
OS uptime: 10 days 18:31 hours
Hyper-V role detected

CPU: total 16 (initial active 16) (8 cores per cpu, 2 threads per core) family 6 model 154 stepping 3 microcode 0x419, cx8, cmov, fxsr, ht, mmx, 3dnowpref, sse, sse2, sse3, ssse3, sse4.1, sse4.2, popcnt, lzcnt, tsc, tscinvbit, avx, avx2, aes, erms, clmul, bmi1, bmi2, adx, sha, fma, vzeroupper, clflush, clflushopt, clwb, hv, serialize, rdtscp, rdpid, fsrm, gfni, f16c, cet_ibt, cet_ss
Processor Information for processor 0
  Max Mhz: 2500, Current Mhz: 2500, Mhz Limit: 2500
Processor Information for processor 1
  Max Mhz: 2500, Current Mhz: 2500, Mhz Limit: 2500
Processor Information for processor 2
  Max Mhz: 2500, Current Mhz: 2500, Mhz Limit: 2500
Processor Information for processor 3
  Max Mhz: 2500, Current Mhz: 2500, Mhz Limit: 2500
Processor Information for processor 4
  Max Mhz: 2500, Current Mhz: 2500, Mhz Limit: 2500
Processor Information for processor 5
  Max Mhz: 2500, Current Mhz: 2500, Mhz Limit: 2500
Processor Information for processor 6
  Max Mhz: 2500, Current Mhz: 2500, Mhz Limit: 2500
Processor Information for processor 7
  Max Mhz: 2500, Current Mhz: 2500, Mhz Limit: 2500
Processor Information for processor 8
  Max Mhz: 2500, Current Mhz: 1800, Mhz Limit: 1800
Processor Information for processor 9
  Max Mhz: 2500, Current Mhz: 1800, Mhz Limit: 1800
Processor Information for processor 10
  Max Mhz: 2500, Current Mhz: 1800, Mhz Limit: 1800
Processor Information for processor 11
  Max Mhz: 2500, Current Mhz: 1800, Mhz Limit: 1800
Processor Information for processor 12
  Max Mhz: 2500, Current Mhz: 1800, Mhz Limit: 1800
Processor Information for processor 13
  Max Mhz: 2500, Current Mhz: 1800, Mhz Limit: 1800
Processor Information for processor 14
  Max Mhz: 2500, Current Mhz: 1800, Mhz Limit: 1800
Processor Information for processor 15
  Max Mhz: 2500, Current Mhz: 1800, Mhz Limit: 1800

Memory: 4k page, system-wide physical 16109M (530M free)
TotalPageFile size 20209M (AvailPageFile size 5M)
current process WorkingSet (physical memory assigned to process): 326M, peak: 364M
current process commit charge ("private bytes"): 375M, peak: 411M

vm_info: OpenJDK 64-Bit Server VM (23+37-2369) for windows-amd64 JRE (23+37-2369), built on 2024-08-20T16:01:23Z with MS VC++ 17.6 (VS2022)

END.
